c:\users\a6359\documents\카카오톡 받은 파일\labproject142 (3)\debug\labproject14.pch
c:\users\a6359\documents\카카오톡 받은 파일\labproject142 (3)\debug\vc140.pdb
c:\users\a6359\documents\카카오톡 받은 파일\labproject142 (3)\debug\vc140.idb
c:\users\a6359\documents\카카오톡 받은 파일\labproject142 (3)\debug\stdafx.obj
c:\users\a6359\documents\카카오톡 받은 파일\labproject142 (3)\debug\camera.obj
c:\users\a6359\documents\카카오톡 받은 파일\labproject142 (3)\debug\gameframework.obj
c:\users\a6359\documents\카카오톡 받은 파일\labproject142 (3)\debug\labproject14.obj
c:\users\a6359\documents\카카오톡 받은 파일\labproject142 (3)\debug\mesh.obj
c:\users\a6359\documents\카카오톡 받은 파일\labproject142 (3)\debug\object.obj
c:\users\a6359\documents\카카오톡 받은 파일\labproject142 (3)\debug\player.obj
c:\users\a6359\documents\카카오톡 받은 파일\labproject142 (3)\debug\scene.obj
c:\users\a6359\documents\카카오톡 받은 파일\labproject142 (3)\debug\shader.obj
c:\users\a6359\documents\카카오톡 받은 파일\labproject142 (3)\debug\timer.obj
c:\users\a6359\documents\카카오톡 받은 파일\labproject142 (3)\debug\labproject14.ilk
c:\users\a6359\documents\카카오톡 받은 파일\labproject142 (3)\debug\labproject14.exe
c:\users\a6359\documents\카카오톡 받은 파일\labproject142 (3)\debug\labproject14.pdb
c:\users\a6359\documents\카카오톡 받은 파일\labproject142 (3)\debug\labproject14.res
c:\users\a6359\documents\카카오톡 받은 파일\labproject142 (3)\debug\labproject14.tlog\cl.command.1.tlog
c:\users\a6359\documents\카카오톡 받은 파일\labproject142 (3)\debug\labproject14.tlog\cl.read.1.tlog
c:\users\a6359\documents\카카오톡 받은 파일\labproject142 (3)\debug\labproject14.tlog\cl.write.1.tlog
c:\users\a6359\documents\카카오톡 받은 파일\labproject142 (3)\debug\labproject14.tlog\link.command.1.tlog
c:\users\a6359\documents\카카오톡 받은 파일\labproject142 (3)\debug\labproject14.tlog\link.read.1.tlog
c:\users\a6359\documents\카카오톡 받은 파일\labproject142 (3)\debug\labproject14.tlog\link.write.1.tlog
c:\users\a6359\documents\카카오톡 받은 파일\labproject142 (3)\debug\labproject14.tlog\rc.command.1.tlog
c:\users\a6359\documents\카카오톡 받은 파일\labproject142 (3)\debug\labproject14.tlog\rc.read.1.tlog
c:\users\a6359\documents\카카오톡 받은 파일\labproject142 (3)\debug\labproject14.tlog\rc.write.1.tlog
